<?xml version="1.0" encoding="UTF-8"?>
<testng-results ignored="0" total="1" passed="1" failed="0" skipped="0">
  <reporter-output>
  </reporter-output>
  <suite started-at="2019-12-02T14:25:48 EST" name="Default suite" finished-at="2019-12-02T14:26:22 EST" duration-ms="34097">
    <groups>
    </groups>
    <test started-at="2019-12-02T14:25:48 EST" name="Default test" finished-at="2019-12-02T14:26:22 EST" duration-ms="34097">
      <class name="com.training.sanity.tests.ELTC_013">
        <test-method is-config="true" signature="setUpBeforeClass()[pri:0, instance:com.training.sanity.tests.ELTC_013@5bfa9431]" started-at="2019-12-02T14:25:48 EST" name="setUpBeforeClass" finished-at="2019-12-02T14:25:48 EST" duration-ms="32" status="PASS">
          <reporter-output>
          </reporter-output>
        </test-method> <!-- setUpBeforeClass -->
        <test-method is-config="true" signature="setUp()[pri:0, instance:com.training.sanity.tests.ELTC_013@5bfa9431]" started-at="2019-12-02T14:25:48 EST" name="setUp" finished-at="2019-12-02T14:26:04 EST" duration-ms="16074" status="PASS">
          <reporter-output>
          </reporter-output>
        </test-method> <!-- setUp -->
        <test-method signature="validLoginTest()[pri:1, instance:com.training.sanity.tests.ELTC_013@5bfa9431]" started-at="2019-12-02T14:26:04 EST" name="validLoginTest" finished-at="2019-12-02T14:26:19 EST" duration-ms="15020" status="PASS">
          <reporter-output>
          </reporter-output>
        </test-method> <!-- validLoginTest -->
        <test-method is-config="true" signature="tearDown()[pri:0, instance:com.training.sanity.tests.ELTC_013@5bfa9431]" started-at="2019-12-02T14:26:19 EST" name="tearDown" finished-at="2019-12-02T14:26:22 EST" duration-ms="2811" status="PASS">
          <reporter-output>
          </reporter-output>
        </test-method> <!-- tearDown -->
      </class> <!-- com.training.sanity.tests.ELTC_013 -->
    </test> <!-- Default test -->
  </suite> <!-- Default suite -->
</testng-results>
