<?xml version="1.0" encoding="UTF-8"?>
<testng-results ignored="0" total="1" passed="1" failed="0" skipped="0">
  <reporter-output>
  </reporter-output>
  <suite started-at="2019-12-05T20:30:28 EST" name="Default suite" finished-at="2019-12-05T20:30:51 EST" duration-ms="23514">
    <groups>
    </groups>
    <test started-at="2019-12-05T20:30:28 EST" name="Default test" finished-at="2019-12-05T20:30:51 EST" duration-ms="23514">
      <class name="com.training.sanity.tests.ELTC_033">
        <test-method is-config="true" signature="setUpBeforeClass()[pri:0, instance:com.training.sanity.tests.ELTC_033@5bfa9431]" started-at="2019-12-05T20:30:28 EST" name="setUpBeforeClass" finished-at="2019-12-05T20:30:28 EST" duration-ms="0" status="PASS">
          <reporter-output>
          </reporter-output>
        </test-method> <!-- setUpBeforeClass -->
        <test-method is-config="true" signature="setUp()[pri:0, instance:com.training.sanity.tests.ELTC_033@5bfa9431]" started-at="2019-12-05T20:30:28 EST" name="setUp" finished-at="2019-12-05T20:30:40 EST" duration-ms="12116" status="PASS">
          <reporter-output>
          </reporter-output>
        </test-method> <!-- setUp -->
        <test-method signature="validcoursesubscription()[pri:1, instance:com.training.sanity.tests.ELTC_033@5bfa9431]" started-at="2019-12-05T20:30:40 EST" name="validcoursesubscription" finished-at="2019-12-05T20:30:50 EST" duration-ms="10341" status="PASS">
          <reporter-output>
          </reporter-output>
        </test-method> <!-- validcoursesubscription -->
        <test-method is-config="true" signature="tearDown()[pri:0, instance:com.training.sanity.tests.ELTC_033@5bfa9431]" started-at="2019-12-05T20:30:50 EST" name="tearDown" finished-at="2019-12-05T20:30:51 EST" duration-ms="1002" status="PASS">
          <reporter-output>
          </reporter-output>
        </test-method> <!-- tearDown -->
      </class> <!-- com.training.sanity.tests.ELTC_033 -->
    </test> <!-- Default test -->
  </suite> <!-- Default suite -->
</testng-results>
